2023-08-06 19:10:21,402:WARNING:
'cuml' is a soft dependency and not included in the pycaret installation. Please run: `pip install cuml` to install.
2023-08-06 19:10:21,402:WARNING:
'cuml' is a soft dependency and not included in the pycaret installation. Please run: `pip install cuml` to install.
2023-08-06 19:10:21,403:WARNING:
'cuml' is a soft dependency and not included in the pycaret installation. Please run: `pip install cuml` to install.
2023-08-06 19:10:21,403:WARNING:
'cuml' is a soft dependency and not included in the pycaret installation. Please run: `pip install cuml` to install.
2023-08-06 19:10:25,288:INFO:PyCaret ClusteringExperiment
2023-08-06 19:10:25,288:INFO:Logging name: cluster-default-name
2023-08-06 19:10:25,288:INFO:ML Usecase: MLUsecase.CLUSTERING
2023-08-06 19:10:25,289:INFO:version 3.0.4
2023-08-06 19:10:25,289:INFO:Initializing setup()
2023-08-06 19:10:25,289:INFO:self.USI: ddf0
2023-08-06 19:10:25,289:INFO:self._variable_keys: {'logging_param', 'exp_name_log', 'n_jobs_param', 'X', 'log_plots_param', 'exp_id', 'idx', 'html_param', 'gpu_n_jobs_param', 'USI', 'data', 'memory', 'gpu_param', 'seed', '_ml_usecase', '_available_plots', 'pipeline'}
2023-08-06 19:10:25,289:INFO:Checking environment
2023-08-06 19:10:25,290:INFO:python_version: 3.10.12
2023-08-06 19:10:25,290:INFO:python_build: ('main', 'Jun 11 2023 05:26:28')
2023-08-06 19:10:25,290:INFO:machine: x86_64
2023-08-06 19:10:25,290:INFO:platform: Linux-5.19.0-50-generic-x86_64-with-glibc2.35
2023-08-06 19:10:25,290:INFO:Memory: svmem(total=12305289216, available=7426412544, percent=39.6, used=4043788288, free=469946368, active=1941549056, inactive=8006279168, buffers=630968320, cached=7160586240, shared=509571072, slab=1389850624)
2023-08-06 19:10:25,291:INFO:Physical Core: 2
2023-08-06 19:10:25,292:INFO:Logical Core: 4
2023-08-06 19:10:25,292:INFO:Checking libraries
2023-08-06 19:10:25,292:INFO:System:
2023-08-06 19:10:25,292:INFO:    python: 3.10.12 (main, Jun 11 2023, 05:26:28) [GCC 11.4.0]
2023-08-06 19:10:25,292:INFO:executable: /home/way2smile/Desktop/lalith/study/.venv/bin/python
2023-08-06 19:10:25,292:INFO:   machine: Linux-5.19.0-50-generic-x86_64-with-glibc2.35
2023-08-06 19:10:25,292:INFO:PyCaret required dependencies:
2023-08-06 19:10:25,319:INFO:                 pip: 23.2.1
2023-08-06 19:10:25,320:INFO:          setuptools: 59.6.0
2023-08-06 19:10:25,320:INFO:             pycaret: 3.0.4
2023-08-06 19:10:25,320:INFO:             IPython: 8.14.0
2023-08-06 19:10:25,320:INFO:          ipywidgets: 8.1.0
2023-08-06 19:10:25,320:INFO:                tqdm: 4.65.0
2023-08-06 19:10:25,320:INFO:               numpy: 1.23.5
2023-08-06 19:10:25,320:INFO:              pandas: 1.5.3
2023-08-06 19:10:25,320:INFO:              jinja2: 3.1.2
2023-08-06 19:10:25,320:INFO:               scipy: 1.11.1
2023-08-06 19:10:25,320:INFO:              joblib: 1.3.1
2023-08-06 19:10:25,320:INFO:             sklearn: 1.2.2
2023-08-06 19:10:25,320:INFO:                pyod: 1.1.0
2023-08-06 19:10:25,320:INFO:            imblearn: 0.11.0
2023-08-06 19:10:25,320:INFO:   category_encoders: 2.6.1
2023-08-06 19:10:25,320:INFO:            lightgbm: 4.0.0
2023-08-06 19:10:25,320:INFO:               numba: 0.57.1
2023-08-06 19:10:25,321:INFO:            requests: 2.31.0
2023-08-06 19:10:25,321:INFO:          matplotlib: 3.7.2
2023-08-06 19:10:25,321:INFO:          scikitplot: 0.3.7
2023-08-06 19:10:25,321:INFO:         yellowbrick: 1.5
2023-08-06 19:10:25,321:INFO:              plotly: 5.15.0
2023-08-06 19:10:25,321:INFO:    plotly-resampler: Not installed
2023-08-06 19:10:25,321:INFO:             kaleido: 0.2.1
2023-08-06 19:10:25,321:INFO:           schemdraw: 0.15
2023-08-06 19:10:25,321:INFO:         statsmodels: 0.14.0
2023-08-06 19:10:25,321:INFO:              sktime: 0.21.0
2023-08-06 19:10:25,321:INFO:               tbats: 1.1.3
2023-08-06 19:10:25,321:INFO:            pmdarima: 2.0.3
2023-08-06 19:10:25,321:INFO:              psutil: 5.9.5
2023-08-06 19:10:25,321:INFO:          markupsafe: 2.1.3
2023-08-06 19:10:25,321:INFO:             pickle5: Not installed
2023-08-06 19:10:25,321:INFO:         cloudpickle: 2.2.1
2023-08-06 19:10:25,321:INFO:         deprecation: 2.1.0
2023-08-06 19:10:25,321:INFO:              xxhash: 3.3.0
2023-08-06 19:10:25,321:INFO:           wurlitzer: 3.0.3
2023-08-06 19:10:25,322:INFO:PyCaret optional dependencies:
2023-08-06 19:10:25,344:INFO:                shap: Not installed
2023-08-06 19:10:25,345:INFO:           interpret: Not installed
2023-08-06 19:10:25,345:INFO:                umap: Not installed
2023-08-06 19:10:25,345:INFO:    pandas_profiling: Not installed
2023-08-06 19:10:25,345:INFO:  explainerdashboard: Not installed
2023-08-06 19:10:25,345:INFO:             autoviz: Not installed
2023-08-06 19:10:25,345:INFO:           fairlearn: Not installed
2023-08-06 19:10:25,345:INFO:          deepchecks: Not installed
2023-08-06 19:10:25,345:INFO:             xgboost: Not installed
2023-08-06 19:10:25,345:INFO:            catboost: Not installed
2023-08-06 19:10:25,345:INFO:              kmodes: Not installed
2023-08-06 19:10:25,345:INFO:             mlxtend: Not installed
2023-08-06 19:10:25,345:INFO:       statsforecast: Not installed
2023-08-06 19:10:25,345:INFO:        tune_sklearn: Not installed
2023-08-06 19:10:25,345:INFO:                 ray: Not installed
2023-08-06 19:10:25,345:INFO:            hyperopt: Not installed
2023-08-06 19:10:25,345:INFO:              optuna: Not installed
2023-08-06 19:10:25,345:INFO:               skopt: Not installed
2023-08-06 19:10:25,346:INFO:              mlflow: Not installed
2023-08-06 19:10:25,346:INFO:              gradio: Not installed
2023-08-06 19:10:25,346:INFO:             fastapi: Not installed
2023-08-06 19:10:25,346:INFO:             uvicorn: Not installed
2023-08-06 19:10:25,346:INFO:              m2cgen: Not installed
2023-08-06 19:10:25,346:INFO:           evidently: Not installed
2023-08-06 19:10:25,346:INFO:               fugue: Not installed
2023-08-06 19:10:25,346:INFO:           streamlit: Not installed
2023-08-06 19:10:25,346:INFO:             prophet: Not installed
2023-08-06 19:10:25,346:INFO:None
2023-08-06 19:10:25,346:INFO:Set up data.
2023-08-06 19:10:25,350:INFO:Set up index.
2023-08-06 19:10:25,350:INFO:Assigning column types.
2023-08-06 19:10:25,354:INFO:Engine successfully changes for model 'kmeans' to 'sklearn'.
2023-08-06 19:10:25,354:INFO:Engine for model 'dbscan' has not been set explicitly, hence returning None.
2023-08-06 19:10:25,354:WARNING:
'kmodes' is a soft dependency and not included in the pycaret installation. Please run: `pip install kmodes` to install.
Alternately, you can install this by running `pip install pycaret[models]`
2023-08-06 19:10:25,355:INFO:Engine for model 'dbscan' has not been set explicitly, hence returning None.
2023-08-06 19:10:25,355:WARNING:
'kmodes' is a soft dependency and not included in the pycaret installation. Please run: `pip install kmodes` to install.
Alternately, you can install this by running `pip install pycaret[models]`
2023-08-06 19:10:25,355:INFO:Engine successfully changes for model 'dbscan' to 'sklearn'.
2023-08-06 19:10:25,355:WARNING:
'kmodes' is a soft dependency and not included in the pycaret installation. Please run: `pip install kmodes` to install.
Alternately, you can install this by running `pip install pycaret[models]`
2023-08-06 19:10:25,356:WARNING:
'kmodes' is a soft dependency and not included in the pycaret installation. Please run: `pip install kmodes` to install.
Alternately, you can install this by running `pip install pycaret[models]`
2023-08-06 19:10:25,357:INFO:Preparing preprocessing pipeline...
2023-08-06 19:10:25,357:INFO:Set up simple imputation.
2023-08-06 19:10:25,374:INFO:Finished creating preprocessing pipeline.
2023-08-06 19:10:25,378:INFO:Pipeline: Pipeline(memory=FastMemory(location=/tmp/joblib),
         steps=[('numerical_imputer',
                 TransformerWrapper(include=['Age', 'Income', 'SpendingScore',
                                             'Savings'],
                                    transformer=SimpleImputer())),
                ('categorical_imputer',
                 TransformerWrapper(include=[],
                                    transformer=SimpleImputer(strategy='most_frequent')))])
2023-08-06 19:10:25,378:INFO:Creating final display dataframe.
2023-08-06 19:10:25,392:INFO:Setup _display_container:                Description                 Value
0               Session id                  4895
1      Original data shape              (505, 4)
2   Transformed data shape              (505, 4)
3         Numeric features                     4
4               Preprocess                  True
5          Imputation type                simple
6       Numeric imputation                  mean
7   Categorical imputation                  mode
8                 CPU Jobs                    -1
9                  Use GPU                 False
10          Log Experiment                 False
11         Experiment Name  cluster-default-name
12                     USI                  ddf0
2023-08-06 19:10:25,398:WARNING:
'kmodes' is a soft dependency and not included in the pycaret installation. Please run: `pip install kmodes` to install.
Alternately, you can install this by running `pip install pycaret[models]`
2023-08-06 19:10:25,398:WARNING:
'kmodes' is a soft dependency and not included in the pycaret installation. Please run: `pip install kmodes` to install.
Alternately, you can install this by running `pip install pycaret[models]`
2023-08-06 19:10:25,398:INFO:setup() successfully completed in 0.11s...............
2023-08-06 19:10:51,572:INFO:gpu_param set to False
2023-08-06 19:10:51,574:WARNING:
'kmodes' is a soft dependency and not included in the pycaret installation. Please run: `pip install kmodes` to install.
Alternately, you can install this by running `pip install pycaret[models]`
2023-08-06 19:10:51,575:WARNING:
'kmodes' is a soft dependency and not included in the pycaret installation. Please run: `pip install kmodes` to install.
Alternately, you can install this by running `pip install pycaret[models]`
2023-08-06 19:10:53,984:INFO:gpu_param set to False
2023-08-06 19:10:53,987:WARNING:
'kmodes' is a soft dependency and not included in the pycaret installation. Please run: `pip install kmodes` to install.
Alternately, you can install this by running `pip install pycaret[models]`
2023-08-06 19:10:53,988:WARNING:
'kmodes' is a soft dependency and not included in the pycaret installation. Please run: `pip install kmodes` to install.
Alternately, you can install this by running `pip install pycaret[models]`
2023-08-06 19:10:59,524:INFO:gpu_param set to False
2023-08-06 19:10:59,526:WARNING:
'kmodes' is a soft dependency and not included in the pycaret installation. Please run: `pip install kmodes` to install.
Alternately, you can install this by running `pip install pycaret[models]`
2023-08-06 19:10:59,527:WARNING:
'kmodes' is a soft dependency and not included in the pycaret installation. Please run: `pip install kmodes` to install.
Alternately, you can install this by running `pip install pycaret[models]`
2023-08-06 19:12:22,261:INFO:gpu_param set to False
2023-08-06 19:12:22,262:WARNING:
'kmodes' is a soft dependency and not included in the pycaret installation. Please run: `pip install kmodes` to install.
Alternately, you can install this by running `pip install pycaret[models]`
2023-08-06 19:12:22,262:WARNING:
'kmodes' is a soft dependency and not included in the pycaret installation. Please run: `pip install kmodes` to install.
Alternately, you can install this by running `pip install pycaret[models]`
